{"recorder_version":"20","session":"3cc35c1993ee","build":"192.5728.98","bucket":"74","time":1601562396237,"group":{"id":"settings","version":"4"},"event":{"state":true,"data":{"component":"NotRoamableUiSettings","created":1601562396464},"id":"invoked"}}
{"recorder_version":"20","session":"3cc35c1993ee","build":"192.5728.98","bucket":"74","time":1601562396247,"group":{"id":"settings","version":"4"},"event":{"state":true,"data":{"component":"UISettings","created":1601562396472},"id":"invoked"}}
{"recorder_version":"20","session":"3cc35c1993ee","build":"192.5728.98","bucket":"74","time":1601562396247,"group":{"id":"system.java","version":"1"},"event":{"state":true,"data":{"created":1601562396487,"version":"validation.undefined_rule"},"id":"validation.undefined_rule"}}
{"recorder_version":"20","session":"3cc35c1993ee","build":"192.5728.98","bucket":"74","time":1601562396247,"group":{"id":"system.java","version":"1"},"event":{"state":true,"data":{"created":1601562396487},"id":"invoked"}}
{"recorder_version":"20","session":"3cc35c1993ee","build":"192.5728.98","bucket":"74","time":1601562396287,"group":{"id":"system.os","version":"3"},"event":{"state":true,"data":{"created":1601562396487,"version":"10.0"},"id":"Windows"}}
{"recorder_version":"20","session":"3cc35c1993ee","build":"192.5728.98","bucket":"74","time":1601562396287,"group":{"id":"system.os","version":"3"},"event":{"state":true,"data":{"created":1601562396487,"name":"Windows","version":"10.0"},"id":"os.name"}}
{"recorder_version":"20","session":"3cc35c1993ee","build":"192.5728.98","bucket":"74","time":1601562396287,"group":{"id":"system.os","version":"3"},"event":{"state":true,"data":{"created":1601562396487,"value":"-05_00"},"id":"os.timezone"}}
{"recorder_version":"20","session":"3cc35c1993ee","build":"192.5728.98","bucket":"74","time":1601562396287,"group":{"id":"system.os","version":"3"},"event":{"state":true,"data":{"created":1601562396487},"id":"invoked"}}
{"recorder_version":"20","session":"3cc35c1993ee","build":"192.5728.98","bucket":"74","time":1601562396464,"group":{"id":"event.log","version":"20"},"event":{"count":1,"data":{"created":1601562396487,"version":"1394.0"},"id":"whitelist.loaded"}}
{"recorder_version":"20","session":"3cc35c1993ee","build":"192.5728.98","bucket":"74","time":1601562397227,"group":{"id":"settings","version":"4"},"event":{"state":true,"data":{"component":"UpdatesConfigurable","created":1601562397237,"name":"lastTimeChecked","type":"int","value":1595601974204},"id":"not.default"}}
{"recorder_version":"20","session":"3cc35c1993ee","build":"192.5728.98","bucket":"74","time":1601562397227,"group":{"id":"settings","version":"4"},"event":{"state":true,"data":{"component":"UpdatesConfigurable","created":1601562397237},"id":"invoked"}}
{"recorder_version":"20","session":"3cc35c1993ee","build":"192.5728.98","bucket":"74","time":1601562397444,"group":{"id":"settings","version":"4"},"event":{"state":true,"data":{"component":"GeneralSettings","created":1601562397444,"name":"confirmExit","type":"bool","value":false},"id":"not.default"}}
{"recorder_version":"20","session":"3cc35c1993ee","build":"192.5728.98","bucket":"74","time":1601562397444,"group":{"id":"settings","version":"4"},"event":{"state":true,"data":{"component":"GeneralSettings","created":1601562397445,"name":"confirmOpenNewProject","type":"int"},"id":"not.default"}}
{"recorder_version":"20","session":"3cc35c1993ee","build":"192.5728.98","bucket":"74","time":1601562397444,"group":{"id":"settings","version":"4"},"event":{"state":true,"data":{"component":"GeneralSettings","created":1601562397446,"name":"reopenLastProject","type":"bool","value":false},"id":"not.default"}}
{"recorder_version":"20","session":"3cc35c1993ee","build":"192.5728.98","bucket":"74","time":1601562397444,"group":{"id":"settings","version":"4"},"event":{"state":true,"data":{"component":"GeneralSettings","created":1601562397447},"id":"invoked"}}
{"recorder_version":"20","session":"3cc35c1993ee","build":"192.5728.98","bucket":"74","time":1601562398842,"group":{"id":"lifecycle","version":"20"},"event":{"count":1,"data":{"eap":false,"created":1601562398842},"id":"ide.start"}}
{"recorder_version":"20","session":"3cc35c1993ee","build":"192.5728.98","bucket":"74","time":1601562398857,"group":{"id":"performance","version":"20"},"event":{"count":1,"data":{"duration_ms":1211,"created":1601562398857},"id":"ui.latency"}}
{"recorder_version":"20","session":"3cc35c1993ee","build":"192.5728.98","bucket":"74","time":1601562398857,"group":{"id":"performance","version":"20"},"event":{"count":1,"data":{"duration_ms":1211,"created":1601562398857},"id":"ui.lagging"}}
{"recorder_version":"20","session":"3cc35c1993ee","build":"192.5728.98","bucket":"74","time":1601562398993,"group":{"id":"performance","version":"20"},"event":{"count":1,"data":{"duration_ms":336,"created":1601562398993},"id":"ui.lagging"}}
{"recorder_version":"20","session":"3cc35c1993ee","build":"192.5728.98","bucket":"74","time":1601562406014,"group":{"id":"lifecycle","version":"20"},"event":{"count":1,"data":{"restart":false,"created":1601562406014},"id":"ide.close"}}
{"recorder_version":"20","session":"3cc35c1993ee","build":"192.5728.98","bucket":"74","time":1601562406130,"group":{"id":"settings","version":"4"},"event":{"state":true,"data":{"component":"XmlEditorOptions","created":1601562406130},"id":"invoked"}}
