{"recorder_version":"20","session":"10832ed7f36d","build":"192.5728.98","bucket":"74","time":1601641896903,"group":{"id":"settings","version":"4"},"event":{"state":true,"data":{"component":"NotRoamableUiSettings","created":1601641897081},"id":"invoked"}}
{"recorder_version":"20","session":"10832ed7f36d","build":"192.5728.98","bucket":"74","time":1601641896906,"group":{"id":"system.java","version":"1"},"event":{"state":true,"data":{"created":1601641897083,"version":"validation.undefined_rule"},"id":"validation.undefined_rule"}}
{"recorder_version":"20","session":"10832ed7f36d","build":"192.5728.98","bucket":"74","time":1601641896906,"group":{"id":"system.java","version":"1"},"event":{"state":true,"data":{"created":1601641897090},"id":"invoked"}}
{"recorder_version":"20","session":"10832ed7f36d","build":"192.5728.98","bucket":"74","time":1601641896907,"group":{"id":"settings","version":"4"},"event":{"state":true,"data":{"component":"UISettings","created":1601641897090},"id":"invoked"}}
{"recorder_version":"20","session":"10832ed7f36d","build":"192.5728.98","bucket":"74","time":1601641896936,"group":{"id":"system.os","version":"3"},"event":{"state":true,"data":{"created":1601641897092,"version":"10.0"},"id":"Windows"}}
{"recorder_version":"20","session":"10832ed7f36d","build":"192.5728.98","bucket":"74","time":1601641896936,"group":{"id":"system.os","version":"3"},"event":{"state":true,"data":{"created":1601641897093,"name":"Windows","version":"10.0"},"id":"os.name"}}
{"recorder_version":"20","session":"10832ed7f36d","build":"192.5728.98","bucket":"74","time":1601641896936,"group":{"id":"system.os","version":"3"},"event":{"state":true,"data":{"created":1601641897093,"value":"-05_00"},"id":"os.timezone"}}
{"recorder_version":"20","session":"10832ed7f36d","build":"192.5728.98","bucket":"74","time":1601641896936,"group":{"id":"system.os","version":"3"},"event":{"state":true,"data":{"created":1601641897094},"id":"invoked"}}
{"recorder_version":"20","session":"10832ed7f36d","build":"192.5728.98","bucket":"74","time":1601641897081,"group":{"id":"event.log","version":"20"},"event":{"count":1,"data":{"created":1601641897094,"version":"1394.0"},"id":"whitelist.loaded"}}
{"recorder_version":"20","session":"10832ed7f36d","build":"192.5728.98","bucket":"74","time":1601641897824,"group":{"id":"settings","version":"4"},"event":{"state":true,"data":{"component":"UpdatesConfigurable","created":1601641897825,"name":"lastTimeChecked","type":"int","value":1595601974204},"id":"not.default"}}
{"recorder_version":"20","session":"10832ed7f36d","build":"192.5728.98","bucket":"74","time":1601641897824,"group":{"id":"settings","version":"4"},"event":{"state":true,"data":{"component":"UpdatesConfigurable","created":1601641897826},"id":"invoked"}}
{"recorder_version":"20","session":"10832ed7f36d","build":"192.5728.98","bucket":"74","time":1601641898020,"group":{"id":"settings","version":"4"},"event":{"state":true,"data":{"component":"GeneralSettings","created":1601641898020,"name":"confirmExit","type":"bool","value":false},"id":"not.default"}}
{"recorder_version":"20","session":"10832ed7f36d","build":"192.5728.98","bucket":"74","time":1601641898020,"group":{"id":"settings","version":"4"},"event":{"state":true,"data":{"component":"GeneralSettings","created":1601641898021,"name":"confirmOpenNewProject","type":"int"},"id":"not.default"}}
{"recorder_version":"20","session":"10832ed7f36d","build":"192.5728.98","bucket":"74","time":1601641898020,"group":{"id":"settings","version":"4"},"event":{"state":true,"data":{"component":"GeneralSettings","created":1601641898022,"name":"reopenLastProject","type":"bool","value":false},"id":"not.default"}}
{"recorder_version":"20","session":"10832ed7f36d","build":"192.5728.98","bucket":"74","time":1601641898020,"group":{"id":"settings","version":"4"},"event":{"state":true,"data":{"component":"GeneralSettings","created":1601641898023},"id":"invoked"}}
{"recorder_version":"20","session":"10832ed7f36d","build":"192.5728.98","bucket":"74","time":1601641899379,"group":{"id":"lifecycle","version":"20"},"event":{"count":1,"data":{"eap":false,"created":1601641899380},"id":"ide.start"}}
{"recorder_version":"20","session":"10832ed7f36d","build":"192.5728.98","bucket":"74","time":1601641899391,"group":{"id":"performance","version":"20"},"event":{"count":1,"data":{"duration_ms":1152,"created":1601641899392},"id":"ui.latency"}}
{"recorder_version":"20","session":"10832ed7f36d","build":"192.5728.98","bucket":"74","time":1601641899391,"group":{"id":"performance","version":"20"},"event":{"count":1,"data":{"duration_ms":1152,"created":1601641899395},"id":"ui.lagging"}}
{"recorder_version":"20","session":"10832ed7f36d","build":"192.5728.98","bucket":"74","time":1601641899524,"group":{"id":"performance","version":"20"},"event":{"count":1,"data":{"duration_ms":283,"created":1601641899524},"id":"ui.lagging"}}
{"recorder_version":"20","session":"10832ed7f36d","build":"192.5728.98","bucket":"74","time":1601641904523,"group":{"id":"lifecycle","version":"20"},"event":{"count":1,"data":{"restart":false,"created":1601641904523},"id":"ide.close"}}
{"recorder_version":"20","session":"10832ed7f36d","build":"192.5728.98","bucket":"74","time":1601641904660,"group":{"id":"settings","version":"4"},"event":{"state":true,"data":{"component":"XmlEditorOptions","created":1601641904660},"id":"invoked"}}
