{"recorder_version":"20","session":"93e63a9441e1","build":"192.5728.98","bucket":"74","time":1601041151377,"group":{"id":"settings","version":"4"},"event":{"state":true,"data":{"component":"NotRoamableUiSettings","created":1601041151559},"id":"invoked"}}
{"recorder_version":"20","session":"93e63a9441e1","build":"192.5728.98","bucket":"74","time":1601041151385,"group":{"id":"system.java","version":"1"},"event":{"state":true,"data":{"created":1601041151567,"version":"validation.undefined_rule"},"id":"validation.undefined_rule"}}
{"recorder_version":"20","session":"93e63a9441e1","build":"192.5728.98","bucket":"74","time":1601041151385,"group":{"id":"system.java","version":"1"},"event":{"state":true,"data":{"created":1601041151575},"id":"invoked"}}
{"recorder_version":"20","session":"93e63a9441e1","build":"192.5728.98","bucket":"74","time":1601041151385,"group":{"id":"settings","version":"4"},"event":{"state":true,"data":{"component":"UISettings","created":1601041151575},"id":"invoked"}}
{"recorder_version":"20","session":"93e63a9441e1","build":"192.5728.98","bucket":"74","time":1601041151411,"group":{"id":"system.os","version":"3"},"event":{"state":true,"data":{"created":1601041151575,"version":"10.0"},"id":"Windows"}}
{"recorder_version":"20","session":"93e63a9441e1","build":"192.5728.98","bucket":"74","time":1601041151411,"group":{"id":"system.os","version":"3"},"event":{"state":true,"data":{"created":1601041151575,"name":"Windows","version":"10.0"},"id":"os.name"}}
{"recorder_version":"20","session":"93e63a9441e1","build":"192.5728.98","bucket":"74","time":1601041151411,"group":{"id":"system.os","version":"3"},"event":{"state":true,"data":{"created":1601041151575,"value":"-05_00"},"id":"os.timezone"}}
{"recorder_version":"20","session":"93e63a9441e1","build":"192.5728.98","bucket":"74","time":1601041151411,"group":{"id":"system.os","version":"3"},"event":{"state":true,"data":{"created":1601041151575},"id":"invoked"}}
{"recorder_version":"20","session":"93e63a9441e1","build":"192.5728.98","bucket":"74","time":1601041151559,"group":{"id":"event.log","version":"20"},"event":{"count":1,"data":{"created":1601041151575,"version":"1394.0"},"id":"whitelist.loaded"}}
{"recorder_version":"20","session":"93e63a9441e1","build":"192.5728.98","bucket":"74","time":1601041152383,"group":{"id":"settings","version":"4"},"event":{"state":true,"data":{"component":"UpdatesConfigurable","created":1601041152383,"name":"lastTimeChecked","type":"int","value":1595601974204},"id":"not.default"}}
{"recorder_version":"20","session":"93e63a9441e1","build":"192.5728.98","bucket":"74","time":1601041152383,"group":{"id":"settings","version":"4"},"event":{"state":true,"data":{"component":"UpdatesConfigurable","created":1601041152383},"id":"invoked"}}
{"recorder_version":"20","session":"93e63a9441e1","build":"192.5728.98","bucket":"74","time":1601041152567,"group":{"id":"settings","version":"4"},"event":{"state":true,"data":{"component":"GeneralSettings","created":1601041152567,"name":"confirmExit","type":"bool","value":false},"id":"not.default"}}
{"recorder_version":"20","session":"93e63a9441e1","build":"192.5728.98","bucket":"74","time":1601041152567,"group":{"id":"settings","version":"4"},"event":{"state":true,"data":{"component":"GeneralSettings","created":1601041152575,"name":"confirmOpenNewProject","type":"int"},"id":"not.default"}}
{"recorder_version":"20","session":"93e63a9441e1","build":"192.5728.98","bucket":"74","time":1601041152567,"group":{"id":"settings","version":"4"},"event":{"state":true,"data":{"component":"GeneralSettings","created":1601041152575,"name":"reopenLastProject","type":"bool","value":false},"id":"not.default"}}
{"recorder_version":"20","session":"93e63a9441e1","build":"192.5728.98","bucket":"74","time":1601041152567,"group":{"id":"settings","version":"4"},"event":{"state":true,"data":{"component":"GeneralSettings","created":1601041152575},"id":"invoked"}}
{"recorder_version":"20","session":"93e63a9441e1","build":"192.5728.98","bucket":"74","time":1601041154848,"group":{"id":"lifecycle","version":"20"},"event":{"count":1,"data":{"eap":false,"created":1601041154848},"id":"ide.start"}}
{"recorder_version":"20","session":"93e63a9441e1","build":"192.5728.98","bucket":"74","time":1601041154848,"group":{"id":"performance","version":"20"},"event":{"count":1,"data":{"duration_ms":1978,"created":1601041154848},"id":"ui.latency"}}
{"recorder_version":"20","session":"93e63a9441e1","build":"192.5728.98","bucket":"74","time":1601041154848,"group":{"id":"performance","version":"20"},"event":{"count":1,"data":{"duration_ms":1978,"created":1601041154848},"id":"ui.lagging"}}
{"recorder_version":"20","session":"93e63a9441e1","build":"192.5728.98","bucket":"74","time":1601041154848,"group":{"id":"performance","version":"20"},"event":{"count":1,"data":{"duration_ms":1099,"created":1601041154851},"id":"ui.lagging"}}
{"recorder_version":"20","session":"93e63a9441e1","build":"192.5728.98","bucket":"74","time":1601041155126,"group":{"id":"performance","version":"20"},"event":{"count":1,"data":{"duration_ms":371,"created":1601041155126},"id":"ui.lagging"}}
{"recorder_version":"20","session":"93e63a9441e1","build":"192.5728.98","bucket":"74","time":1601041178645,"group":{"id":"lifecycle","version":"20"},"event":{"count":1,"data":{"restart":false,"created":1601041178645},"id":"ide.close"}}
{"recorder_version":"20","session":"93e63a9441e1","build":"192.5728.98","bucket":"74","time":1601041178765,"group":{"id":"settings","version":"4"},"event":{"state":true,"data":{"component":"XmlEditorOptions","created":1601041178765},"id":"invoked"}}
